<?xml version="1.0" encoding="utf-8"?>
<coverage line-rate="0.8906000000000001" branch-rate="0.8823000000000001" version="1.9" timestamp="1649434608" lines-covered="228" lines-valid="256" branches-covered="60" branches-valid="68">
  <sources>
    <source>D:\Study Material\Dot Net\Projects\LedgerCompany\LedgerCo\</source>
  </sources>
  <packages>
    <package name="geektrust" line-rate="0.8906000000000001" branch-rate="0.8823000000000001" complexity="101">
      <classes>
        <class name="LedgerCo.MarketPlace" filename="MarketPlace.cs" line-rate="0" branch-rate="0" complexity="8">
          <methods>
            <method name="StartMarketPlace" signature="(System.String[])" line-rate="0" branch-rate="0" complexity="6">
              <lines>
                <line number="19" hits="0" branch="False" />
                <line number="20" hits="0" branch="True" condition-coverage="0% (0/4)">
                  <conditions>
                    <condition number="2" type="jump" coverage="0%" />
                    <condition number="14" type="jump" coverage="0%" />
                  </conditions>
                </line>
                <line number="21" hits="0" branch="False" />
                <line number="24" hits="0" branch="False" />
                <line number="25" hits="0" branch="False" />
                <line number="28" hits="0" branch="True" condition-coverage="0% (0/2)">
                  <conditions>
                    <condition number="101" type="jump" coverage="0%" />
                  </conditions>
                </line>
                <line number="29" hits="0" branch="False" />
                <line number="30" hits="0" branch="False" />
                <line number="31" hits="0" branch="False" />
                <line number="32" hits="0" branch="False" />
                <line number="33" hits="0" branch="False" />
                <line number="35" hits="0" branch="False" />
              </lines>
            </method>
            <method name="GetFactory" signature="(LedgerCo.Util.RequestType)" line-rate="0" branch-rate="1" complexity="1">
              <lines>
                <line number="38" hits="0" branch="False" />
                <line number="39" hits="0" branch="False" />
                <line number="40" hits="0" branch="False" />
                <line number="42" hits="0" branch="False" />
                <line number="43" hits="0" branch="False" />
                <line number="45" hits="0" branch="False" />
                <line number="46" hits="0" branch="False" />
                <line number="48" hits="0" branch="False" />
                <line number="49" hits="0" branch="False" />
              </lines>
            </method>
            <method name=".cctor" signature="()" line-rate="0" branch-rate="1" complexity="1">
              <lines>
                <line number="15" hits="0" branch="False" />
                <line number="16" hits="0" branch="False" />
              </lines>
            </method>
          </methods>
          <lines>
            <line number="19" hits="0" branch="False" />
            <line number="20" hits="0" branch="True" condition-coverage="0% (0/4)">
              <conditions>
                <condition number="2" type="jump" coverage="0%" />
                <condition number="14" type="jump" coverage="0%" />
              </conditions>
            </line>
            <line number="21" hits="0" branch="False" />
            <line number="24" hits="0" branch="False" />
            <line number="25" hits="0" branch="False" />
            <line number="28" hits="0" branch="True" condition-coverage="0% (0/2)">
              <conditions>
                <condition number="101" type="jump" coverage="0%" />
              </conditions>
            </line>
            <line number="29" hits="0" branch="False" />
            <line number="30" hits="0" branch="False" />
            <line number="31" hits="0" branch="False" />
            <line number="32" hits="0" branch="False" />
            <line number="33" hits="0" branch="False" />
            <line number="35" hits="0" branch="False" />
            <line number="38" hits="0" branch="False" />
            <line number="39" hits="0" branch="False" />
            <line number="40" hits="0" branch="False" />
            <line number="42" hits="0" branch="False" />
            <line number="43" hits="0" branch="False" />
            <line number="45" hits="0" branch="False" />
            <line number="46" hits="0" branch="False" />
            <line number="48" hits="0" branch="False" />
            <line number="49" hits="0" branch="False" />
            <line number="15" hits="0" branch="False" />
            <line number="16" hits="0" branch="False" />
          </lines>
        </class>
        <class name="LedgerCo.Program" filename="Program.cs" line-rate="0" branch-rate="1" complexity="1">
          <methods>
            <method name="Main" signature="(System.String[])" line-rate="0" branch-rate="1" complexity="1">
              <lines>
                <line number="6" hits="0" branch="False" />
                <line number="7" hits="0" branch="False" />
                <line number="8" hits="0" branch="False" />
                <line number="9" hits="0" branch="False" />
              </lines>
            </method>
          </methods>
          <lines>
            <line number="6" hits="0" branch="False" />
            <line number="7" hits="0" branch="False" />
            <line number="8" hits="0" branch="False" />
            <line number="9" hits="0" branch="False" />
          </lines>
        </class>
        <class name="LedgerCo.ResponseProcessor.ConsoleResponse" filename="ResponseProcessor\ConsoleResponse.cs" line-rate="1" branch-rate="1" complexity="1">
          <methods>
            <method name="DisplayBalance" signature="(LedgerCo.Models.Balance)" line-rate="1" branch-rate="1" complexity="1">
              <lines>
                <line number="9" hits="1" branch="False" />
                <line number="11" hits="1" branch="False" />
                <line number="12" hits="1" branch="False" />
                <line number="13" hits="1" branch="False" />
                <line number="14" hits="1" branch="False" />
                <line number="15" hits="1" branch="False" />
                <line number="16" hits="1" branch="False" />
                <line number="17" hits="1" branch="False" />
              </lines>
            </method>
          </methods>
          <lines>
            <line number="9" hits="1" branch="False" />
            <line number="11" hits="1" branch="False" />
            <line number="12" hits="1" branch="False" />
            <line number="13" hits="1" branch="False" />
            <line number="14" hits="1" branch="False" />
            <line number="15" hits="1" branch="False" />
            <line number="16" hits="1" branch="False" />
            <line number="17" hits="1" branch="False" />
          </lines>
        </class>
        <class name="LedgerCo.RequestProcessor.BalanceRequest" filename="RequestProcessor\BalanceRequest.cs" line-rate="1" branch-rate="1" complexity="7">
          <methods>
            <method name="Process" signature="(System.String)" line-rate="1" branch-rate="1" complexity="2">
              <lines>
                <line number="21" hits="3" branch="False" />
                <line number="22" hits="3" branch="False" />
                <line number="24" hits="3" branch="True" condition-coverage="100% (2/2)">
                  <conditions>
                    <condition number="14" type="jump" coverage="100%" />
                  </conditions>
                </line>
                <line number="25" hits="1" branch="False" />
                <line number="26" hits="1" branch="False" />
                <line number="27" hits="1" branch="False" />
                <line number="28" hits="1" branch="False" />
                <line number="30" hits="2" branch="False" />
                <line number="32" hits="1" branch="False" />
                <line number="33" hits="1" branch="False" />
              </lines>
            </method>
            <method name="ValidRequest" signature="(System.String,LedgerCo.Models.Request&amp;)" line-rate="1" branch-rate="1" complexity="4">
              <lines>
                <line number="36" hits="3" branch="False" />
                <line number="39" hits="3" branch="False" />
                <line number="41" hits="3" branch="False" />
                <line number="44" hits="3" branch="True" condition-coverage="100% (2/2)">
                  <conditions>
                    <condition number="29" type="jump" coverage="100%" />
                  </conditions>
                </line>
                <line number="45" hits="1" branch="False" />
                <line number="47" hits="2" branch="True" condition-coverage="100% (2/2)">
                  <conditions>
                    <condition number="53" type="jump" coverage="100%" />
                  </conditions>
                </line>
                <line number="48" hits="1" branch="False" />
                <line number="50" hits="1" branch="False" />
                <line number="51" hits="1" branch="False" />
                <line number="52" hits="1" branch="False" />
                <line number="53" hits="1" branch="False" />
                <line number="55" hits="1" branch="False" />
                <line number="57" hits="1" branch="False" />
                <line number="58" hits="3" branch="False" />
              </lines>
            </method>
            <method name=".ctor" signature="(LedgerCo.Repository.IDataRepository,LedgerCo.ResponseProcessor.IResponse)" line-rate="1" branch-rate="1" complexity="1">
              <lines>
                <line number="13" hits="4" branch="False" />
                <line number="14" hits="4" branch="False" />
                <line number="15" hits="4" branch="False" />
                <line number="16" hits="4" branch="False" />
                <line number="17" hits="4" branch="False" />
              </lines>
            </method>
          </methods>
          <lines>
            <line number="21" hits="3" branch="False" />
            <line number="22" hits="3" branch="False" />
            <line number="24" hits="3" branch="True" condition-coverage="100% (2/2)">
              <conditions>
                <condition number="14" type="jump" coverage="100%" />
              </conditions>
            </line>
            <line number="25" hits="1" branch="False" />
            <line number="26" hits="1" branch="False" />
            <line number="27" hits="1" branch="False" />
            <line number="28" hits="1" branch="False" />
            <line number="30" hits="2" branch="False" />
            <line number="32" hits="1" branch="False" />
            <line number="33" hits="1" branch="False" />
            <line number="36" hits="3" branch="False" />
            <line number="39" hits="3" branch="False" />
            <line number="41" hits="3" branch="False" />
            <line number="44" hits="3" branch="True" condition-coverage="100% (2/2)">
              <conditions>
                <condition number="29" type="jump" coverage="100%" />
              </conditions>
            </line>
            <line number="45" hits="1" branch="False" />
            <line number="47" hits="2" branch="True" condition-coverage="100% (2/2)">
              <conditions>
                <condition number="53" type="jump" coverage="100%" />
              </conditions>
            </line>
            <line number="48" hits="1" branch="False" />
            <line number="50" hits="1" branch="False" />
            <line number="51" hits="1" branch="False" />
            <line number="52" hits="1" branch="False" />
            <line number="53" hits="1" branch="False" />
            <line number="55" hits="1" branch="False" />
            <line number="57" hits="1" branch="False" />
            <line number="58" hits="3" branch="False" />
            <line number="13" hits="4" branch="False" />
            <line number="14" hits="4" branch="False" />
            <line number="15" hits="4" branch="False" />
            <line number="16" hits="4" branch="False" />
            <line number="17" hits="4" branch="False" />
          </lines>
        </class>
        <class name="LedgerCo.RequestProcessor.FileParser" filename="RequestProcessor\FileParser.cs" line-rate="1" branch-rate="1" complexity="12">
          <methods>
            <method name="GetInputCommands" signature="(System.String)" line-rate="1" branch-rate="1" complexity="2">
              <lines>
                <line number="13" hits="2" branch="False" />
                <line number="14" hits="2" branch="True" condition-coverage="100% (2/2)">
                  <conditions>
                    <condition number="12" type="jump" coverage="100%" />
                  </conditions>
                </line>
                <line number="15" hits="1" branch="False" />
                <line number="17" hits="1" branch="False" />
                <line number="18" hits="1" branch="False" />
                <line number="19" hits="1" branch="False" />
              </lines>
            </method>
            <method name="GetRequestType" signature="(System.String)" line-rate="1" branch-rate="1" complexity="10">
              <lines>
                <line number="22" hits="6" branch="False" />
                <line number="23" hits="6" branch="True" condition-coverage="100% (2/2)">
                  <conditions>
                    <condition number="7" type="jump" coverage="100%" />
                  </conditions>
                </line>
                <line number="24" hits="1" branch="False" />
                <line number="26" hits="5" branch="False" />
                <line number="27" hits="5" branch="True" condition-coverage="100% (6/6)">
                  <conditions>
                    <condition number="39" type="jump" coverage="100%" />
                    <condition number="42" type="jump" coverage="100%" />
                    <condition number="54" type="jump" coverage="100%" />
                  </conditions>
                </line>
                <line number="28" hits="1" branch="False" />
                <line number="31" hits="4" branch="True" condition-coverage="100% (2/2)">
                  <conditions>
                    <condition number="82" type="jump" coverage="100%" />
                  </conditions>
                </line>
                <line number="32" hits="3" branch="False" />
                <line number="33" hits="3" branch="False" />
                <line number="36" hits="1" branch="False" />
                <line number="37" hits="3" branch="False" />
              </lines>
            </method>
          </methods>
          <lines>
            <line number="13" hits="2" branch="False" />
            <line number="14" hits="2" branch="True" condition-coverage="100% (2/2)">
              <conditions>
                <condition number="12" type="jump" coverage="100%" />
              </conditions>
            </line>
            <line number="15" hits="1" branch="False" />
            <line number="17" hits="1" branch="False" />
            <line number="18" hits="1" branch="False" />
            <line number="19" hits="1" branch="False" />
            <line number="22" hits="6" branch="False" />
            <line number="23" hits="6" branch="True" condition-coverage="100% (2/2)">
              <conditions>
                <condition number="7" type="jump" coverage="100%" />
              </conditions>
            </line>
            <line number="24" hits="1" branch="False" />
            <line number="26" hits="5" branch="False" />
            <line number="27" hits="5" branch="True" condition-coverage="100% (6/6)">
              <conditions>
                <condition number="39" type="jump" coverage="100%" />
                <condition number="42" type="jump" coverage="100%" />
                <condition number="54" type="jump" coverage="100%" />
              </conditions>
            </line>
            <line number="28" hits="1" branch="False" />
            <line number="31" hits="4" branch="True" condition-coverage="100% (2/2)">
              <conditions>
                <condition number="82" type="jump" coverage="100%" />
              </conditions>
            </line>
            <line number="32" hits="3" branch="False" />
            <line number="33" hits="3" branch="False" />
            <line number="36" hits="1" branch="False" />
            <line number="37" hits="3" branch="False" />
          </lines>
        </class>
        <class name="LedgerCo.RequestProcessor.LoanRequest" filename="RequestProcessor\LoanRequest.cs" line-rate="1" branch-rate="1" complexity="11">
          <methods>
            <method name="Process" signature="(System.String)" line-rate="1" branch-rate="1" complexity="2">
              <lines>
                <line number="17" hits="5" branch="False" />
                <line number="18" hits="5" branch="False" />
                <line number="20" hits="5" branch="True" condition-coverage="100% (2/2)">
                  <conditions>
                    <condition number="14" type="jump" coverage="100%" />
                  </conditions>
                </line>
                <line number="21" hits="1" branch="False" />
                <line number="23" hits="4" branch="False" />
                <line number="24" hits="1" branch="False" />
              </lines>
            </method>
            <method name="ValidRequest" signature="(System.String,LedgerCo.Models.Request&amp;)" line-rate="1" branch-rate="1" complexity="8">
              <lines>
                <line number="27" hits="5" branch="False" />
                <line number="30" hits="5" branch="False" />
                <line number="32" hits="5" branch="False" />
                <line number="36" hits="5" branch="True" condition-coverage="100% (2/2)">
                  <conditions>
                    <condition number="31" type="jump" coverage="100%" />
                  </conditions>
                </line>
                <line number="37" hits="1" branch="False" />
                <line number="39" hits="4" branch="True" condition-coverage="100% (2/2)">
                  <conditions>
                    <condition number="58" type="jump" coverage="100%" />
                  </conditions>
                </line>
                <line number="40" hits="1" branch="False" />
                <line number="42" hits="3" branch="True" condition-coverage="100% (2/2)">
                  <conditions>
                    <condition number="85" type="jump" coverage="100%" />
                  </conditions>
                </line>
                <line number="43" hits="1" branch="False" />
                <line number="45" hits="2" branch="True" condition-coverage="100% (2/2)">
                  <conditions>
                    <condition number="109" type="jump" coverage="100%" />
                  </conditions>
                </line>
                <line number="46" hits="1" branch="False" />
                <line number="48" hits="1" branch="False" />
                <line number="50" hits="1" branch="False" />
                <line number="51" hits="1" branch="False" />
                <line number="52" hits="1" branch="False" />
                <line number="53" hits="1" branch="False" />
                <line number="54" hits="1" branch="False" />
                <line number="56" hits="1" branch="False" />
                <line number="57" hits="1" branch="False" />
                <line number="58" hits="5" branch="False" />
              </lines>
            </method>
            <method name=".ctor" signature="(LedgerCo.Repository.IDataRepository)" line-rate="1" branch-rate="1" complexity="1">
              <lines>
                <line number="11" hits="6" branch="False" />
                <line number="12" hits="6" branch="False" />
                <line number="13" hits="6" branch="False" />
                <line number="14" hits="6" branch="False" />
              </lines>
            </method>
          </methods>
          <lines>
            <line number="17" hits="5" branch="False" />
            <line number="18" hits="5" branch="False" />
            <line number="20" hits="5" branch="True" condition-coverage="100% (2/2)">
              <conditions>
                <condition number="14" type="jump" coverage="100%" />
              </conditions>
            </line>
            <line number="21" hits="1" branch="False" />
            <line number="23" hits="4" branch="False" />
            <line number="24" hits="1" branch="False" />
            <line number="27" hits="5" branch="False" />
            <line number="30" hits="5" branch="False" />
            <line number="32" hits="5" branch="False" />
            <line number="36" hits="5" branch="True" condition-coverage="100% (2/2)">
              <conditions>
                <condition number="31" type="jump" coverage="100%" />
              </conditions>
            </line>
            <line number="37" hits="1" branch="False" />
            <line number="39" hits="4" branch="True" condition-coverage="100% (2/2)">
              <conditions>
                <condition number="58" type="jump" coverage="100%" />
              </conditions>
            </line>
            <line number="40" hits="1" branch="False" />
            <line number="42" hits="3" branch="True" condition-coverage="100% (2/2)">
              <conditions>
                <condition number="85" type="jump" coverage="100%" />
              </conditions>
            </line>
            <line number="43" hits="1" branch="False" />
            <line number="45" hits="2" branch="True" condition-coverage="100% (2/2)">
              <conditions>
                <condition number="109" type="jump" coverage="100%" />
              </conditions>
            </line>
            <line number="46" hits="1" branch="False" />
            <line number="48" hits="1" branch="False" />
            <line number="50" hits="1" branch="False" />
            <line number="51" hits="1" branch="False" />
            <line number="52" hits="1" branch="False" />
            <line number="53" hits="1" branch="False" />
            <line number="54" hits="1" branch="False" />
            <line number="56" hits="1" branch="False" />
            <line number="57" hits="1" branch="False" />
            <line number="58" hits="5" branch="False" />
            <line number="11" hits="6" branch="False" />
            <line number="12" hits="6" branch="False" />
            <line number="13" hits="6" branch="False" />
            <line number="14" hits="6" branch="False" />
          </lines>
        </class>
        <class name="LedgerCo.RequestProcessor.PaymentRequest" filename="RequestProcessor\PaymentRequest.cs" line-rate="1" branch-rate="1" complexity="9">
          <methods>
            <method name="Process" signature="(System.String)" line-rate="1" branch-rate="1" complexity="2">
              <lines>
                <line number="17" hits="4" branch="False" />
                <line number="18" hits="4" branch="False" />
                <line number="20" hits="4" branch="True" condition-coverage="100% (2/2)">
                  <conditions>
                    <condition number="14" type="jump" coverage="100%" />
                  </conditions>
                </line>
                <line number="21" hits="1" branch="False" />
                <line number="23" hits="3" branch="False" />
                <line number="24" hits="1" branch="False" />
              </lines>
            </method>
            <method name="ValidRequest" signature="(System.String,LedgerCo.Models.Request&amp;)" line-rate="1" branch-rate="1" complexity="6">
              <lines>
                <line number="27" hits="4" branch="False" />
                <line number="30" hits="4" branch="False" />
                <line number="32" hits="4" branch="False" />
                <line number="36" hits="4" branch="True" condition-coverage="100% (2/2)">
                  <conditions>
                    <condition number="31" type="jump" coverage="100%" />
                  </conditions>
                </line>
                <line number="37" hits="1" branch="False" />
                <line number="39" hits="3" branch="True" condition-coverage="100% (2/2)">
                  <conditions>
                    <condition number="58" type="jump" coverage="100%" />
                  </conditions>
                </line>
                <line number="40" hits="1" branch="False" />
                <line number="42" hits="2" branch="True" condition-coverage="100% (2/2)">
                  <conditions>
                    <condition number="82" type="jump" coverage="100%" />
                  </conditions>
                </line>
                <line number="43" hits="1" branch="False" />
                <line number="45" hits="1" branch="False" />
                <line number="46" hits="1" branch="False" />
                <line number="47" hits="1" branch="False" />
                <line number="49" hits="1" branch="False" />
                <line number="50" hits="1" branch="False" />
                <line number="51" hits="1" branch="False" />
                <line number="52" hits="1" branch="False" />
                <line number="53" hits="1" branch="False" />
                <line number="54" hits="1" branch="False" />
                <line number="56" hits="1" branch="False" />
                <line number="57" hits="4" branch="False" />
              </lines>
            </method>
            <method name=".ctor" signature="(LedgerCo.Repository.IDataRepository)" line-rate="1" branch-rate="1" complexity="1">
              <lines>
                <line number="11" hits="5" branch="False" />
                <line number="12" hits="5" branch="False" />
                <line number="13" hits="5" branch="False" />
                <line number="14" hits="5" branch="False" />
              </lines>
            </method>
          </methods>
          <lines>
            <line number="17" hits="4" branch="False" />
            <line number="18" hits="4" branch="False" />
            <line number="20" hits="4" branch="True" condition-coverage="100% (2/2)">
              <conditions>
                <condition number="14" type="jump" coverage="100%" />
              </conditions>
            </line>
            <line number="21" hits="1" branch="False" />
            <line number="23" hits="3" branch="False" />
            <line number="24" hits="1" branch="False" />
            <line number="27" hits="4" branch="False" />
            <line number="30" hits="4" branch="False" />
            <line number="32" hits="4" branch="False" />
            <line number="36" hits="4" branch="True" condition-coverage="100% (2/2)">
              <conditions>
                <condition number="31" type="jump" coverage="100%" />
              </conditions>
            </line>
            <line number="37" hits="1" branch="False" />
            <line number="39" hits="3" branch="True" condition-coverage="100% (2/2)">
              <conditions>
                <condition number="58" type="jump" coverage="100%" />
              </conditions>
            </line>
            <line number="40" hits="1" branch="False" />
            <line number="42" hits="2" branch="True" condition-coverage="100% (2/2)">
              <conditions>
                <condition number="82" type="jump" coverage="100%" />
              </conditions>
            </line>
            <line number="43" hits="1" branch="False" />
            <line number="45" hits="1" branch="False" />
            <line number="46" hits="1" branch="False" />
            <line number="47" hits="1" branch="False" />
            <line number="49" hits="1" branch="False" />
            <line number="50" hits="1" branch="False" />
            <line number="51" hits="1" branch="False" />
            <line number="52" hits="1" branch="False" />
            <line number="53" hits="1" branch="False" />
            <line number="54" hits="1" branch="False" />
            <line number="56" hits="1" branch="False" />
            <line number="57" hits="4" branch="False" />
            <line number="11" hits="5" branch="False" />
            <line number="12" hits="5" branch="False" />
            <line number="13" hits="5" branch="False" />
            <line number="14" hits="5" branch="False" />
          </lines>
        </class>
        <class name="LedgerCo.Repository.InMemoryDataSource" filename="Repository\InMemoryDataSource.cs" line-rate="1" branch-rate="0.9375" complexity="18">
          <methods>
            <method name="get_Instance" signature="()" line-rate="1" branch-rate="1" complexity="4">
              <lines>
                <line number="21" hits="8" branch="False" />
                <line number="22" hits="8" branch="True" condition-coverage="100% (2/2)">
                  <conditions>
                    <condition number="11" type="jump" coverage="100%" />
                  </conditions>
                </line>
                <line number="23" hits="7" branch="False" />
                <line number="25" hits="1" branch="False" />
                <line number="26" hits="1" branch="False" />
                <line number="27" hits="1" branch="True" condition-coverage="100% (2/2)">
                  <conditions>
                    <condition number="51" type="jump" coverage="100%" />
                  </conditions>
                </line>
                <line number="28" hits="1" branch="False" />
                <line number="30" hits="1" branch="False" />
                <line number="32" hits="8" branch="False" />
              </lines>
            </method>
            <method name="CheckForValidLoanAccount" signature="(System.String,System.String)" line-rate="1" branch-rate="1" complexity="2">
              <lines>
                <line number="35" hits="8" branch="False" />
                <line number="36" hits="22" branch="True" condition-coverage="100% (2/2)">
                  <conditions>
                    <condition number="22" type="jump" coverage="100%" />
                  </conditions>
                </line>
                <line number="37" hits="22" branch="False" />
                <line number="38" hits="8" branch="False" />
                <line number="39" hits="8" branch="False" />
              </lines>
            </method>
            <method name="GetBalance" signature="(LedgerCo.Models.Balance)" line-rate="1" branch-rate="0.8332999999999999" complexity="6">
              <lines>
                <line number="42" hits="2" branch="False" />
                <line number="43" hits="2" branch="False" />
                <line number="45" hits="2" branch="True" condition-coverage="100% (2/2)">
                  <conditions>
                    <condition number="66" type="jump" coverage="100%" />
                  </conditions>
                </line>
                <line number="46" hits="1" branch="False" />
                <line number="48" hits="3" branch="False" />
                <line number="50" hits="1" branch="False" />
                <line number="52" hits="1" branch="True" condition-coverage="100% (2/2)">
                  <conditions>
                    <condition number="121" type="jump" coverage="100%" />
                  </conditions>
                </line>
                <line number="53" hits="2" branch="False" />
                <line number="55" hits="1" branch="False" />
                <line number="57" hits="1" branch="False" />
                <line number="59" hits="1" branch="False" />
                <line number="60" hits="1" branch="True" condition-coverage="50% (1/2)">
                  <conditions>
                    <condition number="264" type="jump" coverage="50%" />
                  </conditions>
                </line>
                <line number="62" hits="1" branch="False" />
                <line number="63" hits="1" branch="False" />
              </lines>
            </method>
            <method name="ProcessLoan" signature="(LedgerCo.Models.Loan)" line-rate="1" branch-rate="1" complexity="2">
              <lines>
                <line number="66" hits="4" branch="False" />
                <line number="67" hits="4" branch="True" condition-coverage="100% (2/2)">
                  <conditions>
                    <condition number="36" type="jump" coverage="100%" />
                  </conditions>
                </line>
                <line number="68" hits="1" branch="False" />
                <line number="70" hits="3" branch="False" />
                <line number="71" hits="3" branch="False" />
                <line number="72" hits="3" branch="False" />
              </lines>
            </method>
            <method name="ProcessPayment" signature="(LedgerCo.Models.Loan)" line-rate="1" branch-rate="1" complexity="2">
              <lines>
                <line number="75" hits="2" branch="False" />
                <line number="76" hits="2" branch="False" />
                <line number="78" hits="2" branch="True" condition-coverage="100% (2/2)">
                  <conditions>
                    <condition number="41" type="jump" coverage="100%" />
                  </conditions>
                </line>
                <line number="79" hits="1" branch="False" />
                <line number="81" hits="1" branch="False" />
                <line number="82" hits="1" branch="False" />
                <line number="83" hits="1" branch="False" />
              </lines>
            </method>
            <method name=".ctor" signature="()" line-rate="1" branch-rate="1" complexity="1">
              <lines>
                <line number="11" hits="1" branch="False" />
                <line number="16" hits="3" branch="False" />
              </lines>
            </method>
            <method name=".cctor" signature="()" line-rate="1" branch-rate="1" complexity="1">
              <lines>
                <line number="15" hits="1" branch="False" />
              </lines>
            </method>
          </methods>
          <lines>
            <line number="21" hits="8" branch="False" />
            <line number="22" hits="8" branch="True" condition-coverage="100% (2/2)">
              <conditions>
                <condition number="11" type="jump" coverage="100%" />
              </conditions>
            </line>
            <line number="23" hits="7" branch="False" />
            <line number="25" hits="1" branch="False" />
            <line number="26" hits="1" branch="False" />
            <line number="27" hits="1" branch="True" condition-coverage="100% (2/2)">
              <conditions>
                <condition number="51" type="jump" coverage="100%" />
              </conditions>
            </line>
            <line number="28" hits="1" branch="False" />
            <line number="30" hits="1" branch="False" />
            <line number="32" hits="8" branch="False" />
            <line number="35" hits="8" branch="False" />
            <line number="36" hits="22" branch="True" condition-coverage="100% (2/2)">
              <conditions>
                <condition number="22" type="jump" coverage="100%" />
              </conditions>
            </line>
            <line number="37" hits="22" branch="False" />
            <line number="38" hits="8" branch="False" />
            <line number="39" hits="8" branch="False" />
            <line number="42" hits="2" branch="False" />
            <line number="43" hits="2" branch="False" />
            <line number="45" hits="2" branch="True" condition-coverage="100% (2/2)">
              <conditions>
                <condition number="66" type="jump" coverage="100%" />
              </conditions>
            </line>
            <line number="46" hits="1" branch="False" />
            <line number="48" hits="3" branch="False" />
            <line number="50" hits="1" branch="False" />
            <line number="52" hits="1" branch="True" condition-coverage="100% (2/2)">
              <conditions>
                <condition number="121" type="jump" coverage="100%" />
              </conditions>
            </line>
            <line number="53" hits="2" branch="False" />
            <line number="55" hits="1" branch="False" />
            <line number="57" hits="1" branch="False" />
            <line number="59" hits="1" branch="False" />
            <line number="60" hits="1" branch="True" condition-coverage="50% (1/2)">
              <conditions>
                <condition number="264" type="jump" coverage="50%" />
              </conditions>
            </line>
            <line number="62" hits="1" branch="False" />
            <line number="63" hits="1" branch="False" />
            <line number="66" hits="4" branch="False" />
            <line number="67" hits="4" branch="True" condition-coverage="100% (2/2)">
              <conditions>
                <condition number="36" type="jump" coverage="100%" />
              </conditions>
            </line>
            <line number="68" hits="1" branch="False" />
            <line number="70" hits="3" branch="False" />
            <line number="71" hits="3" branch="False" />
            <line number="72" hits="3" branch="False" />
            <line number="75" hits="2" branch="False" />
            <line number="76" hits="2" branch="False" />
            <line number="78" hits="2" branch="True" condition-coverage="100% (2/2)">
              <conditions>
                <condition number="41" type="jump" coverage="100%" />
              </conditions>
            </line>
            <line number="79" hits="1" branch="False" />
            <line number="81" hits="1" branch="False" />
            <line number="82" hits="1" branch="False" />
            <line number="83" hits="1" branch="False" />
            <line number="11" hits="1" branch="False" />
            <line number="16" hits="3" branch="False" />
            <line number="15" hits="1" branch="False" />
          </lines>
        </class>
        <class name="LedgerCo.Models.Balance" filename="Models\Balance.cs" line-rate="1" branch-rate="1" complexity="6">
          <methods>
            <method name="get_Bank" signature="()" line-rate="1" branch-rate="1" complexity="1">
              <lines>
                <line number="11" hits="61" branch="False" />
              </lines>
            </method>
            <method name="get_Borrower" signature="()" line-rate="1" branch-rate="1" complexity="1">
              <lines>
                <line number="12" hits="61" branch="False" />
              </lines>
            </method>
            <method name="get_EMINumber" signature="()" line-rate="1" branch-rate="1" complexity="1">
              <lines>
                <line number="13" hits="30" branch="False" />
              </lines>
            </method>
            <method name="get_PendingEMICount" signature="()" line-rate="1" branch-rate="1" complexity="1">
              <lines>
                <line number="14" hits="4" branch="False" />
              </lines>
            </method>
            <method name="get_RepaymentAmount" signature="()" line-rate="1" branch-rate="1" complexity="1">
              <lines>
                <line number="15" hits="10" branch="False" />
              </lines>
            </method>
            <method name=".ctor" signature="()" line-rate="1" branch-rate="1" complexity="1">
              <lines>
                <line number="5" hits="28" branch="False" />
                <line number="6" hits="28" branch="False" />
                <line number="7" hits="28" branch="False" />
                <line number="8" hits="28" branch="False" />
                <line number="9" hits="28" branch="False" />
              </lines>
            </method>
          </methods>
          <lines>
            <line number="11" hits="61" branch="False" />
            <line number="12" hits="61" branch="False" />
            <line number="13" hits="30" branch="False" />
            <line number="14" hits="4" branch="False" />
            <line number="15" hits="10" branch="False" />
            <line number="5" hits="28" branch="False" />
            <line number="6" hits="28" branch="False" />
            <line number="7" hits="28" branch="False" />
            <line number="8" hits="28" branch="False" />
            <line number="9" hits="28" branch="False" />
          </lines>
        </class>
        <class name="LedgerCo.Models.Bank" filename="Models\Bank.cs" line-rate="1" branch-rate="1" complexity="1">
          <methods>
            <method name="get_Name" signature="()" line-rate="1" branch-rate="1" complexity="1">
              <lines>
                <line number="5" hits="101" branch="False" />
              </lines>
            </method>
          </methods>
          <lines>
            <line number="5" hits="101" branch="False" />
          </lines>
        </class>
        <class name="LedgerCo.Models.Borrower" filename="Models\Borrower.cs" line-rate="1" branch-rate="1" complexity="1">
          <methods>
            <method name="get_Name" signature="()" line-rate="1" branch-rate="1" complexity="1">
              <lines>
                <line number="5" hits="96" branch="False" />
              </lines>
            </method>
          </methods>
          <lines>
            <line number="5" hits="96" branch="False" />
          </lines>
        </class>
        <class name="LedgerCo.Models.Loan" filename="Models\Loan.cs" line-rate="1" branch-rate="0.5" complexity="12">
          <methods>
            <method name="get_Bank" signature="()" line-rate="1" branch-rate="1" complexity="1">
              <lines>
                <line number="15" hits="116" branch="False" />
              </lines>
            </method>
            <method name="get_Borrower" signature="()" line-rate="1" branch-rate="1" complexity="1">
              <lines>
                <line number="16" hits="111" branch="False" />
              </lines>
            </method>
            <method name="get_PrincipalAmount" signature="()" line-rate="1" branch-rate="1" complexity="1">
              <lines>
                <line number="17" hits="52" branch="False" />
              </lines>
            </method>
            <method name="get_LoanTenureInYear" signature="()" line-rate="1" branch-rate="1" complexity="1">
              <lines>
                <line number="18" hits="53" branch="False" />
              </lines>
            </method>
            <method name="get_IntRate" signature="()" line-rate="1" branch-rate="1" complexity="1">
              <lines>
                <line number="19" hits="49" branch="False" />
              </lines>
            </method>
            <method name="get_Payments" signature="()" line-rate="1" branch-rate="1" complexity="1">
              <lines>
                <line number="20" hits="72" branch="False" />
              </lines>
            </method>
            <method name="get_LoanTenureInMonth" signature="()" line-rate="1" branch-rate="0.5" complexity="2">
              <lines>
                <line number="25" hits="2" branch="False" />
                <line number="26" hits="2" branch="True" condition-coverage="50% (1/2)">
                  <conditions>
                    <condition number="8" type="jump" coverage="50%" />
                  </conditions>
                </line>
                <line number="27" hits="2" branch="False" />
              </lines>
            </method>
            <method name="get_InterestPayable" signature="()" line-rate="1" branch-rate="1" complexity="1">
              <lines>
                <line number="33" hits="3" branch="False" />
                <line number="34" hits="3" branch="False" />
                <line number="35" hits="3" branch="False" />
              </lines>
            </method>
            <method name="get_LoanPayableAmount" signature="()" line-rate="1" branch-rate="1" complexity="1">
              <lines>
                <line number="41" hits="3" branch="False" />
                <line number="42" hits="3" branch="False" />
                <line number="43" hits="3" branch="False" />
              </lines>
            </method>
            <method name="get_EmiAmount" signature="()" line-rate="1" branch-rate="1" complexity="1">
              <lines>
                <line number="49" hits="2" branch="False" />
                <line number="50" hits="2" branch="False" />
                <line number="51" hits="2" branch="False" />
              </lines>
            </method>
            <method name=".ctor" signature="()" line-rate="1" branch-rate="1" complexity="1">
              <lines>
                <line number="8" hits="48" branch="False" />
                <line number="9" hits="48" branch="False" />
                <line number="10" hits="48" branch="False" />
                <line number="11" hits="48" branch="False" />
                <line number="12" hits="48" branch="False" />
                <line number="13" hits="48" branch="False" />
              </lines>
            </method>
          </methods>
          <lines>
            <line number="15" hits="116" branch="False" />
            <line number="16" hits="111" branch="False" />
            <line number="17" hits="52" branch="False" />
            <line number="18" hits="53" branch="False" />
            <line number="19" hits="49" branch="False" />
            <line number="20" hits="72" branch="False" />
            <line number="25" hits="2" branch="False" />
            <line number="26" hits="2" branch="True" condition-coverage="50% (1/2)">
              <conditions>
                <condition number="8" type="jump" coverage="50%" />
              </conditions>
            </line>
            <line number="27" hits="2" branch="False" />
            <line number="33" hits="3" branch="False" />
            <line number="34" hits="3" branch="False" />
            <line number="35" hits="3" branch="False" />
            <line number="41" hits="3" branch="False" />
            <line number="42" hits="3" branch="False" />
            <line number="43" hits="3" branch="False" />
            <line number="49" hits="2" branch="False" />
            <line number="50" hits="2" branch="False" />
            <line number="51" hits="2" branch="False" />
            <line number="8" hits="48" branch="False" />
            <line number="9" hits="48" branch="False" />
            <line number="10" hits="48" branch="False" />
            <line number="11" hits="48" branch="False" />
            <line number="12" hits="48" branch="False" />
            <line number="13" hits="48" branch="False" />
          </lines>
        </class>
        <class name="LedgerCo.Models.Payment" filename="Models\Payment.cs" line-rate="1" branch-rate="1" complexity="2">
          <methods>
            <method name="get_EMINumber" signature="()" line-rate="1" branch-rate="1" complexity="1">
              <lines>
                <line number="5" hits="23" branch="False" />
              </lines>
            </method>
            <method name="get_RepaymentAmount" signature="()" line-rate="1" branch-rate="1" complexity="1">
              <lines>
                <line number="6" hits="22" branch="False" />
              </lines>
            </method>
          </methods>
          <lines>
            <line number="5" hits="23" branch="False" />
            <line number="6" hits="22" branch="False" />
          </lines>
        </class>
        <class name="LedgerCo.Models.Request" filename="Models\Request.cs" line-rate="0.6666" branch-rate="1" complexity="3">
          <methods>
            <method name="get_RequestType" signature="()" line-rate="0" branch-rate="1" complexity="1">
              <lines>
                <line number="7" hits="0" branch="False" />
              </lines>
            </method>
            <method name="get_Loan" signature="()" line-rate="1" branch-rate="1" complexity="1">
              <lines>
                <line number="9" hits="4" branch="False" />
              </lines>
            </method>
            <method name="get_Balance" signature="()" line-rate="1" branch-rate="1" complexity="1">
              <lines>
                <line number="11" hits="2" branch="False" />
              </lines>
            </method>
          </methods>
          <lines>
            <line number="7" hits="0" branch="False" />
            <line number="9" hits="4" branch="False" />
            <line number="11" hits="2" branch="False" />
          </lines>
        </class>
        <class name="LedgerCo.Factories.DataProcessorFactory" filename="Factories\DataProcessorFactory.cs" line-rate="1" branch-rate="1" complexity="2">
          <methods>
            <method name="GetDataProcessorInstance" signature="(LedgerCo.Util.DataSource)" line-rate="1" branch-rate="1" complexity="2">
              <lines>
                <line number="9" hits="1" branch="False" />
                <line number="10" hits="1" branch="False" />
                <line number="12" hits="1" branch="True" condition-coverage="100% (2/2)">
                  <conditions>
                    <condition number="8" type="jump" coverage="100%" />
                  </conditions>
                </line>
                <line number="15" hits="1" branch="False" />
                <line number="16" hits="1" branch="False" />
                <line number="20" hits="1" branch="False" />
                <line number="21" hits="1" branch="False" />
              </lines>
            </method>
          </methods>
          <lines>
            <line number="9" hits="1" branch="False" />
            <line number="10" hits="1" branch="False" />
            <line number="12" hits="1" branch="True" condition-coverage="100% (2/2)">
              <conditions>
                <condition number="8" type="jump" coverage="100%" />
              </conditions>
            </line>
            <line number="15" hits="1" branch="False" />
            <line number="16" hits="1" branch="False" />
            <line number="20" hits="1" branch="False" />
            <line number="21" hits="1" branch="False" />
          </lines>
        </class>
        <class name="LedgerCo.Factories.RequestProcessorFactory" filename="Factories\RequestProcessorFactory.cs" line-rate="1" branch-rate="1" complexity="5">
          <methods>
            <method name="GetRequestProcessorInstance" signature="(LedgerCo.Util.RequestType)" line-rate="1" branch-rate="1" complexity="4">
              <lines>
                <line number="21" hits="3" branch="False" />
                <line number="22" hits="3" branch="False" />
                <line number="23" hits="3" branch="True" condition-coverage="100% (4/4)">
                  <conditions>
                    <condition number="8" type="switch" coverage="100%" />
                  </conditions>
                </line>
                <line number="26" hits="1" branch="False" />
                <line number="27" hits="1" branch="False" />
                <line number="29" hits="1" branch="False" />
                <line number="30" hits="1" branch="False" />
                <line number="32" hits="1" branch="False" />
                <line number="33" hits="1" branch="False" />
                <line number="36" hits="3" branch="False" />
                <line number="37" hits="3" branch="False" />
              </lines>
            </method>
            <method name=".ctor" signature="(LedgerCo.Repository.IDataRepository,LedgerCo.ResponseProcessor.IResponse)" line-rate="1" branch-rate="1" complexity="1">
              <lines>
                <line number="14" hits="3" branch="False" />
                <line number="15" hits="3" branch="False" />
                <line number="16" hits="3" branch="False" />
                <line number="17" hits="3" branch="False" />
                <line number="18" hits="3" branch="False" />
              </lines>
            </method>
          </methods>
          <lines>
            <line number="21" hits="3" branch="False" />
            <line number="22" hits="3" branch="False" />
            <line number="23" hits="3" branch="True" condition-coverage="100% (4/4)">
              <conditions>
                <condition number="8" type="switch" coverage="100%" />
              </conditions>
            </line>
            <line number="26" hits="1" branch="False" />
            <line number="27" hits="1" branch="False" />
            <line number="29" hits="1" branch="False" />
            <line number="30" hits="1" branch="False" />
            <line number="32" hits="1" branch="False" />
            <line number="33" hits="1" branch="False" />
            <line number="36" hits="3" branch="False" />
            <line number="37" hits="3" branch="False" />
            <line number="14" hits="3" branch="False" />
            <line number="15" hits="3" branch="False" />
            <line number="16" hits="3" branch="False" />
            <line number="17" hits="3" branch="False" />
            <line number="18" hits="3" branch="False" />
          </lines>
        </class>
        <class name="LedgerCo.Factories.ResponseProcessorFactory" filename="Factories\ResponseProcessorFactory.cs" line-rate="1" branch-rate="1" complexity="2">
          <methods>
            <method name="GetResponseProcessorInstance" signature="(LedgerCo.Util.OutputType)" line-rate="1" branch-rate="1" complexity="2">
              <lines>
                <line number="9" hits="1" branch="False" />
                <line number="10" hits="1" branch="False" />
                <line number="12" hits="1" branch="True" condition-coverage="100% (2/2)">
                  <conditions>
                    <condition number="8" type="jump" coverage="100%" />
                  </conditions>
                </line>
                <line number="15" hits="1" branch="False" />
                <line number="16" hits="1" branch="False" />
                <line number="19" hits="1" branch="False" />
                <line number="20" hits="1" branch="False" />
              </lines>
            </method>
          </methods>
          <lines>
            <line number="9" hits="1" branch="False" />
            <line number="10" hits="1" branch="False" />
            <line number="12" hits="1" branch="True" condition-coverage="100% (2/2)">
              <conditions>
                <condition number="8" type="jump" coverage="100%" />
              </conditions>
            </line>
            <line number="15" hits="1" branch="False" />
            <line number="16" hits="1" branch="False" />
            <line number="19" hits="1" branch="False" />
            <line number="20" hits="1" branch="False" />
          </lines>
        </class>
      </classes>
    </package>
  </packages>
</coverage>